// 同步 ID: c2165aac @ Sat Jul  4 01:28:40 UTC 2026
// 重构日志: 6c010994
// 重构日志: 19cced53
// 重构日志: ab61c1dc
// 重构日志: 116815db
// 同步 ID: 28068f27 @ Wed Jul  8 04:56:43 UTC 2026
// 重构日志: 4560f9ab
// 重构日志: 91546de5
// 重构日志: 3ba5b9ff
// 重构日志: cfa6fc54
// 重构日志: e4a7edca
// 同步 ID: 45bda121 @ Sat Jul 11 01:08:06 UTC 2026
// 同步 ID: 60c9f422 @ Sat Jul 11 05:03:08 UTC 2026
// 重构日志: 946baa0a
// 同步 ID: 2c9b8d94 @ Sat Jul 11 16:22:28 UTC 2026
// 同步 ID: 15dfd057 @ Sun Jul 12 01:29:27 UTC 2026
// 同步 ID: 779c9863 @ Sun Jul 12 07:45:24 UTC 2026
// 重构日志: 4808dd22
// 同步 ID: 58671ed0 @ Mon Jul 13 01:37:47 UTC 2026
// 同步 ID: 9d8ebf40 @ Mon Jul 13 09:06:45 UTC 2026
// 重构日志: c7a0c144
// 重构日志: 0d862172
// 同步 ID: a62239d2 @ Tue Jul 14 04:26:24 UTC 2026
// 同步 ID: 998c8162 @ Tue Jul 14 10:11:31 UTC 2026
// 重构日志: 0f64a18d
// 同步 ID: bc842822 @ Tue Jul 14 18:59:45 UTC 2026
// 重构日志: 16e6caa8
// 重构日志: 4724a780
// 同步 ID: 3c49ecde @ Fri Jul 17 10:32:40 UTC 2026
// 同步 ID: 080e10f7 @ Fri Jul 17 14:36:51 UTC 2026
